#
# A fatal error has been detected by the Java Runtime Environment:
#
#  EXCEPTION_ACCESS_VIOLATION (0xc0000005) at pc=0x00007fff8ed348ef, pid=28720, tid=0x00000000000079a0
#
# JRE version: Java(TM) SE Runtime Environment (8.0_201-b09) (build 1.8.0_201-b09)
# Java VM: Java HotSpot(TM) 64-Bit Server VM (25.201-b09 mixed mode windows-amd64 compressed oops)
# Problematic frame:
# C  [msvcrt.dll+0x748ef]
#
# Failed to write core dump. Minidumps are not enabled by default on client versions of Windows
#
# If you would like to submit a bug report, please visit:
#   http://bugreport.java.com/bugreport/crash.jsp
# The crash happened outside the Java Virtual Machine in native code.
# See problematic frame for where to report the bug.
#

---------------  T H R E A D  ---------------

Current thread (0x000000001a6eb800):  JavaThread "LWJGL Application" [_thread_in_native, id=31136, stack(0x000000001b870000,0x000000001b970000)]

siginfo: ExceptionCode=0xc0000005, writing address 0x000000001adbfc40

Registers:
RAX=0x00000000d8048010, RBX=0x000000001a6eb9f8, RCX=0x000000001adbfc60, RDX=0x00000000bd2883d0
RSP=0x000000001b96ebb8, RBP=0x000000001b96ece0, RSI=0x0000000000004e18, RDI=0x0000000000000000
R8 =0x0000000000000000, R9 =0x00000000000009c3, R10=0x000000000000000c, R11=0x000000001adbfc40
R12=0x00000000d8048010, R13=0x000000001adbfc40, R14=0x000000001b96ece0, R15=0x000000001a6eb800
RIP=0x00007fff8ed348ef, EFLAGS=0x0000000000010206

Top of Stack: (sp=0x000000001b96ebb8)
0x000000001b96ebb8:   0000000065ac3a54 000000001a6eb9f8
0x000000001b96ebc8:   000000001b96ece0 0000000000004e18
0x000000001b96ebd8:   0000000000000000 0000000000000000
0x000000001b96ebe8:   0000000017306e08 00000000d8020b18
0x000000001b96ebf8:   000000000278835d 000000001b96eca8
0x000000001b96ec08:   0000000000000000 0000000017306e08
0x000000001b96ec18:   0000000002798c67 000000001a6eb800
0x000000001b96ec28:   0000000000000000 0000000017337068
0x000000001b96ec38:   0000000019641ec0 0000000000004e18
0x000000001b96ec48:   0000000000000000 000000001a6eb800
0x000000001b96ec58:   00000000173370d0 000000001a6eb800
0x000000001b96ec68:   000000001b96ec68 0000000000000000
0x000000001b96ec78:   000000001b96ece0 0000000017307e80
0x000000001b96ec88:   0000000000000000 0000000017306e08
0x000000001b96ec98:   0000000000000000 000000001b96ecc8
0x000000001b96eca8:   000000001b96ed28 000000000278835d 

Instructions: (pc=0x00007fff8ed348ef)
0x00007fff8ed348cf:   49 81 f9 00 20 00 00 0f 87 76 00 00 00 49 83 e0
0x00007fff8ed348df:   1f f3 0f 6f 04 11 f3 0f 6f 4c 11 10 48 83 c1 20
0x00007fff8ed348ef:   66 0f 7f 41 e0 66 0f 7f 49 f0 49 ff c9 75 e2 e9
0x00007fff8ed348ff:   4f ff ff ff 66 66 66 66 66 66 66 0f 1f 84 00 00 


Register to memory mapping:

RAX=0x00000000d8048010 is an oop

[error occurred during error reporting (printing register info), id 0xc0000005]

Stack: [0x000000001b870000,0x000000001b970000],  sp=0x000000001b96ebb8,  free space=1018k
Native frames: (J=compiled Java code, j=interpreted, Vv=VM code, C=native code)
C  [msvcrt.dll+0x748ef]
C  [gdx64.dll+0x3a54]
C  0x0000000002798c67

Java frames: (J=compiled Java code, j=interpreted, Vv=VM code)
j  com.badlogic.gdx.utils.BufferUtils.copyJni([FLjava/nio/Buffer;II)V+0
j  com.badlogic.gdx.utils.BufferUtils.copy([FLjava/nio/Buffer;II)V+35
j  com.badlogic.gdx.graphics.glutils.VertexBufferObject.setVertices([FII)V+12
j  com.badlogic.gdx.graphics.Mesh.setVertices([FII)Lcom/badlogic/gdx/graphics/Mesh;+7
j  com.badlogic.gdx.graphics.glutils.ImmediateModeRenderer20.flush()V+71
j  com.badlogic.gdx.graphics.glutils.ImmediateModeRenderer20.end()V+1
j  com.badlogic.gdx.graphics.glutils.ShapeRenderer.end()V+4
j  com.badlogic.gdx.graphics.glutils.ShapeRenderer.check(Lcom/badlogic/gdx/graphics/glutils/ShapeRenderer$ShapeType;Lcom/badlogic/gdx/graphics/glutils/ShapeRenderer$ShapeType;I)V+185
j  com.badlogic.gdx.graphics.glutils.ShapeRenderer.rect(FFFF)V+9
j  levels.Level1.draw()V+189
j  levels.Level1.render(F)V+227
j  com.badlogic.gdx.Game.render()V+19
j  com.badlogic.gdx.backends.lwjgl.LwjglApplication.mainLoop()V+698
j  com.badlogic.gdx.backends.lwjgl.LwjglApplication$1.run()V+27
v  ~StubRoutines::call_stub

---------------  P R O C E S S  ---------------

Java Threads: ( => current thread )
  0x000000001ab3a000 JavaThread "LWJGL Timer" daemon [_thread_blocked, id=29380, stack(0x0000000025d30000,0x0000000025e30000)]
  0x0000000002682800 JavaThread "DestroyJavaVM" [_thread_blocked, id=12472, stack(0x0000000002580000,0x0000000002680000)]
=>0x000000001a6eb800 JavaThread "LWJGL Application" [_thread_in_native, id=31136, stack(0x000000001b870000,0x000000001b970000)]
  0x00000000196e8000 JavaThread "Service Thread" daemon [_thread_blocked, id=30824, stack(0x000000001a230000,0x000000001a330000)]
  0x0000000019662000 JavaThread "C1 CompilerThread3" daemon [_thread_blocked, id=18844, stack(0x000000001a130000,0x000000001a230000)]
  0x0000000019656000 JavaThread "C2 CompilerThread2" daemon [_thread_blocked, id=27824, stack(0x000000001a030000,0x000000001a130000)]
  0x0000000019651800 JavaThread "C2 CompilerThread1" daemon [_thread_blocked, id=15596, stack(0x0000000019f30000,0x000000001a030000)]
  0x000000001964a800 JavaThread "C2 CompilerThread0" daemon [_thread_blocked, id=27652, stack(0x0000000019e30000,0x0000000019f30000)]
  0x0000000019649000 JavaThread "Attach Listener" daemon [_thread_blocked, id=2784, stack(0x0000000019d30000,0x0000000019e30000)]
  0x000000001774e000 JavaThread "Signal Dispatcher" daemon [_thread_blocked, id=26544, stack(0x0000000019c30000,0x0000000019d30000)]
  0x0000000019640800 JavaThread "Finalizer" daemon [_thread_blocked, id=27724, stack(0x0000000019a20000,0x0000000019b20000)]
  0x000000000277a000 JavaThread "Reference Handler" daemon [_thread_blocked, id=30212, stack(0x0000000019520000,0x0000000019620000)]

Other Threads:
  0x0000000017739800 VMThread [stack: 0x0000000019420000,0x0000000019520000] [id=32564]
  0x0000000019701000 WatcherThread [stack: 0x000000001a490000,0x000000001a590000] [id=31992]

VM state:not at safepoint (normal execution)

VM Mutex/Monitor currently owned by a thread: None

heap address: 0x0000000081400000, size: 2028 MB, Compressed Oops mode: 32-bit
Narrow klass base: 0x0000000000000000, Narrow klass shift: 3
Compressed class space size: 1073741824 Address: 0x0000000100000000

Heap:
 PSYoungGen      total 36352K, used 36151K [0x00000000d5c00000, 0x00000000da500000, 0x0000000100000000)
  eden space 32256K, 100% used [0x00000000d5c00000,0x00000000d7b80000,0x00000000d7b80000)
  from space 4096K, 95% used [0x00000000d8000000,0x00000000d83cdf58,0x00000000d8400000)
  to   space 4608K, 0% used [0x00000000d7b80000,0x00000000d7b80000,0x00000000d8000000)
 ParOldGen       total 87552K, used 40K [0x0000000081400000, 0x0000000086980000, 0x00000000d5c00000)
  object space 87552K, 0% used [0x0000000081400000,0x000000008140a148,0x0000000086980000)
 Metaspace       used 6813K, capacity 7203K, committed 7424K, reserved 1056768K
  class space    used 640K, capacity 688K, committed 768K, reserved 1048576K

Card table byte_map: [0x0000000011b40000,0x0000000011f40000] byte_map_base: 0x0000000011736000

Marking Bits: (ParMarkBitMap*) 0x0000000073e94ce0
 Begin Bits: [0x00000000129f0000, 0x00000000149a0000)
 End Bits:   [0x00000000149a0000, 0x0000000016950000)

Polling page: 0x0000000000bb0000

CodeCache: size=245760Kb used=2861Kb max_used=2861Kb free=242898Kb
 bounds [0x0000000002780000, 0x0000000002a60000, 0x0000000011780000]
 total_blobs=1099 nmethods=631 adapters=381
 compilation: enabled

Compilation events (10 events):
Event: 4.073 Thread 0x0000000019662000 nmethod 625 0x0000000002a38550 code [0x0000000002a38700, 0x0000000002a389b0]
Event: 4.073 Thread 0x0000000019662000  628       3       com.badlogic.gdx.graphics.Color::set (34 bytes)
Event: 4.073 Thread 0x0000000019662000 nmethod 628 0x0000000002a381d0 code [0x0000000002a38320, 0x0000000002a384b0]
Event: 4.073 Thread 0x0000000019662000  623       1       com.badlogic.gdx.graphics.glutils.ImmediateModeRenderer20::getMaxVertices (5 bytes)
Event: 4.073 Thread 0x0000000019662000 nmethod 623 0x0000000002a466d0 code [0x0000000002a46820, 0x0000000002a46930]
Event: 4.073 Thread 0x0000000019662000  624       1       com.badlogic.gdx.graphics.glutils.ImmediateModeRenderer20::getNumVertices (5 bytes)
Event: 4.073 Thread 0x0000000019662000 nmethod 624 0x0000000002a46990 code [0x0000000002a46ae0, 0x0000000002a46bf0]
Event: 4.073 Thread 0x0000000019662000  626       3       com.badlogic.gdx.utils.NumberUtils::intToFloatColor (8 bytes)
Event: 4.073 Thread 0x0000000019662000 nmethod 626 0x0000000002a46c50 code [0x0000000002a46da0, 0x0000000002a46ef0]
Event: 4.073 Thread 0x0000000019662000  627       3       com.badlogic.gdx.graphics.glutils.ShapeRenderer::rect (392 bytes)

GC Heap History (10 events):
Event: 3.316 GC heap before
{Heap before GC invocations=2 (full 0):
 PSYoungGen      total 38400K, used 36547K [0x00000000d5c00000, 0x00000000d8680000, 0x0000000100000000)
  eden space 33280K, 100% used [0x00000000d5c00000,0x00000000d7c80000,0x00000000d7c80000)
  from space 5120K, 63% used [0x00000000d7c80000,0x00000000d7fb0e68,0x00000000d8180000)
  to   space 5120K, 0% used [0x00000000d8180000,0x00000000d8180000,0x00000000d8680000)
 ParOldGen       total 87552K, used 16K [0x0000000081400000, 0x0000000086980000, 0x00000000d5c00000)
  object space 87552K, 0% used [0x0000000081400000,0x0000000081404000,0x0000000086980000)
 Metaspace       used 6710K, capacity 7043K, committed 7168K, reserved 1056768K
  class space    used 629K, capacity 656K, committed 768K, reserved 1048576K
Event: 3.318 GC heap after
Heap after GC invocations=2 (full 0):
 PSYoungGen      total 38400K, used 2064K [0x00000000d5c00000, 0x00000000d8680000, 0x0000000100000000)
  eden space 33280K, 0% used [0x00000000d5c00000,0x00000000d5c00000,0x00000000d7c80000)
  from space 5120K, 40% used [0x00000000d8180000,0x00000000d83843a8,0x00000000d8680000)
  to   space 5120K, 0% used [0x00000000d7c80000,0x00000000d7c80000,0x00000000d8180000)
 ParOldGen       total 87552K, used 24K [0x0000000081400000, 0x0000000086980000, 0x00000000d5c00000)
  object space 87552K, 0% used [0x0000000081400000,0x0000000081406000,0x0000000086980000)
 Metaspace       used 6710K, capacity 7043K, committed 7168K, reserved 1056768K
  class space    used 629K, capacity 656K, committed 768K, reserved 1048576K
}
Event: 3.438 GC heap before
{Heap before GC invocations=3 (full 0):
 PSYoungGen      total 38400K, used 35344K [0x00000000d5c00000, 0x00000000d8680000, 0x0000000100000000)
  eden space 33280K, 100% used [0x00000000d5c00000,0x00000000d7c80000,0x00000000d7c80000)
  from space 5120K, 40% used [0x00000000d8180000,0x00000000d83843a8,0x00000000d8680000)
  to   space 5120K, 0% used [0x00000000d7c80000,0x00000000d7c80000,0x00000000d8180000)
 ParOldGen       total 87552K, used 24K [0x0000000081400000, 0x0000000086980000, 0x00000000d5c00000)
  object space 87552K, 0% used [0x0000000081400000,0x0000000081406000,0x0000000086980000)
 Metaspace       used 6710K, capacity 7043K, committed 7168K, reserved 1056768K
  class space    used 629K, capacity 656K, committed 768K, reserved 1048576K
Event: 3.440 GC heap after
Heap after GC invocations=3 (full 0):
 PSYoungGen      total 38400K, used 2467K [0x00000000d5c00000, 0x00000000d8680000, 0x0000000100000000)
  eden space 33280K, 0% used [0x00000000d5c00000,0x00000000d5c00000,0x00000000d7c80000)
  from space 5120K, 48% used [0x00000000d7c80000,0x00000000d7ee8cd8,0x00000000d8180000)
  to   space 5120K, 0% used [0x00000000d8180000,0x00000000d8180000,0x00000000d8680000)
 ParOldGen       total 87552K, used 32K [0x0000000081400000, 0x0000000086980000, 0x00000000d5c00000)
  object space 87552K, 0% used [0x0000000081400000,0x0000000081408000,0x0000000086980000)
 Metaspace       used 6710K, capacity 7043K, committed 7168K, reserved 1056768K
  class space    used 629K, capacity 656K, committed 768K, reserved 1048576K
}
Event: 3.592 GC heap before
{Heap before GC invocations=4 (full 0):
 PSYoungGen      total 38400K, used 35747K [0x00000000d5c00000, 0x00000000d8680000, 0x0000000100000000)
  eden space 33280K, 100% used [0x00000000d5c00000,0x00000000d7c80000,0x00000000d7c80000)
  from space 5120K, 48% used [0x00000000d7c80000,0x00000000d7ee8cd8,0x00000000d8180000)
  to   space 5120K, 0% used [0x00000000d8180000,0x00000000d8180000,0x00000000d8680000)
 ParOldGen       total 87552K, used 32K [0x0000000081400000, 0x0000000086980000, 0x00000000d5c00000)
  object space 87552K, 0% used [0x0000000081400000,0x0000000081408000,0x0000000086980000)
 Metaspace       used 6710K, capacity 7043K, committed 7168K, reserved 1056768K
  class space    used 629K, capacity 656K, committed 768K, reserved 1048576K
Event: 3.594 GC heap after
Heap after GC invocations=4 (full 0):
 PSYoungGen      total 38400K, used 2958K [0x00000000d5c00000, 0x00000000d8680000, 0x0000000100000000)
  eden space 33280K, 0% used [0x00000000d5c00000,0x00000000d5c00000,0x00000000d7c80000)
  from space 5120K, 57% used [0x00000000d8180000,0x00000000d8463ab0,0x00000000d8680000)
  to   space 5120K, 0% used [0x00000000d7c80000,0x00000000d7c80000,0x00000000d8180000)
 ParOldGen       total 87552K, used 32K [0x0000000081400000, 0x0000000086980000, 0x00000000d5c00000)
  object space 87552K, 0% used [0x0000000081400000,0x0000000081408000,0x0000000086980000)
 Metaspace       used 6710K, capacity 7043K, committed 7168K, reserved 1056768K
  class space    used 629K, capacity 656K, committed 768K, reserved 1048576K
}
Event: 3.759 GC heap before
{Heap before GC invocations=5 (full 0):
 PSYoungGen      total 38400K, used 36238K [0x00000000d5c00000, 0x00000000d8680000, 0x0000000100000000)
  eden space 33280K, 100% used [0x00000000d5c00000,0x00000000d7c80000,0x00000000d7c80000)
  from space 5120K, 57% used [0x00000000d8180000,0x00000000d8463ab0,0x00000000d8680000)
  to   space 5120K, 0% used [0x00000000d7c80000,0x00000000d7c80000,0x00000000d8180000)
 ParOldGen       total 87552K, used 32K [0x0000000081400000, 0x0000000086980000, 0x00000000d5c00000)
  object space 87552K, 0% used [0x0000000081400000,0x0000000081408000,0x0000000086980000)
 Metaspace       used 6710K, capacity 7043K, committed 7168K, reserved 1056768K
  class space    used 629K, capacity 656K, committed 768K, reserved 1048576K
Event: 3.761 GC heap after
Heap after GC invocations=5 (full 0):
 PSYoungGen      total 36352K, used 3415K [0x00000000d5c00000, 0x00000000d8400000, 0x0000000100000000)
  eden space 32768K, 0% used [0x00000000d5c00000,0x00000000d5c00000,0x00000000d7c00000)
  from space 3584K, 95% used [0x00000000d7c80000,0x00000000d7fd5f58,0x00000000d8000000)
  to   space 4096K, 0% used [0x00000000d8000000,0x00000000d8000000,0x00000000d8400000)
 ParOldGen       total 87552K, used 40K [0x0000000081400000, 0x0000000086980000, 0x00000000d5c00000)
  object space 87552K, 0% used [0x0000000081400000,0x000000008140a000,0x0000000086980000)
 Metaspace       used 6710K, capacity 7043K, committed 7168K, reserved 1056768K
  class space    used 629K, capacity 656K, committed 768K, reserved 1048576K
}
Event: 3.877 GC heap before
{Heap before GC invocations=6 (full 0):
 PSYoungGen      total 36352K, used 36183K [0x00000000d5c00000, 0x00000000d8400000, 0x0000000100000000)
  eden space 32768K, 100% used [0x00000000d5c00000,0x00000000d7c00000,0x00000000d7c00000)
  from space 3584K, 95% used [0x00000000d7c80000,0x00000000d7fd5f58,0x00000000d8000000)
  to   space 4096K, 0% used [0x00000000d8000000,0x00000000d8000000,0x00000000d8400000)
 ParOldGen       total 87552K, used 40K [0x0000000081400000, 0x0000000086980000, 0x00000000d5c00000)
  object space 87552K, 0% used [0x0000000081400000,0x000000008140a000,0x0000000086980000)
 Metaspace       used 6711K, capacity 7043K, committed 7168K, reserved 1056768K
  class space    used 629K, capacity 656K, committed 768K, reserved 1048576K
Event: 3.885 GC heap after
Heap after GC invocations=6 (full 0):
 PSYoungGen      total 36352K, used 3895K [0x00000000d5c00000, 0x00000000da500000, 0x0000000100000000)
  eden space 32256K, 0% used [0x00000000d5c00000,0x00000000d5c00000,0x00000000d7b80000)
  from space 4096K, 95% used [0x00000000d8000000,0x00000000d83cdf58,0x00000000d8400000)
  to   space 4608K, 0% used [0x00000000d7b80000,0x00000000d7b80000,0x00000000d8000000)
 ParOldGen       total 87552K, used 40K [0x0000000081400000, 0x0000000086980000, 0x00000000d5c00000)
  object space 87552K, 0% used [0x0000000081400000,0x000000008140a000,0x0000000086980000)
 Metaspace       used 6711K, capacity 7043K, committed 7168K, reserved 1056768K
  class space    used 629K, capacity 656K, committed 768K, reserved 1048576K
}

Deoptimization events (7 events):
Event: 3.094 Thread 0x000000001a6eb800 Uncommon trap: reason=unstable_if action=reinterpret pc=0x00000000029f1160 method=sun.nio.cs.SingleByte$Decoder.decodeArrayLoop(Ljava/nio/ByteBuffer;Ljava/nio/CharBuffer;)Ljava/nio/charset/CoderResult; @ 70
Event: 3.102 Thread 0x000000001a6eb800 Uncommon trap: reason=unstable_if action=reinterpret pc=0x00000000029f5338 method=sun.nio.cs.SingleByte$Decoder.decodeArrayLoop(Ljava/nio/ByteBuffer;Ljava/nio/CharBuffer;)Ljava/nio/charset/CoderResult; @ 70
Event: 4.019 Thread 0x000000001a6eb800 Uncommon trap: reason=unstable_if action=reinterpret pc=0x0000000002a0061c method=sun.nio.cs.StreamDecoder.implRead([CII)I @ 197
Event: 4.019 Thread 0x000000001a6eb800 Uncommon trap: reason=unstable_if action=reinterpret pc=0x0000000002a41188 method=levels.MapFileReader.read(Ljava/lang/String;)V @ 431
Event: 4.035 Thread 0x000000001a6eb800 Uncommon trap: reason=unstable_if action=reinterpret pc=0x000000000299fcb4 method=java.lang.Math.round(F)I @ 23
Event: 4.036 Thread 0x000000001a6eb800 Uncommon trap: reason=unstable_if action=reinterpret pc=0x0000000002a2e314 method=java.lang.Integer.stringSize(I)I @ 8
Event: 4.036 Thread 0x000000001a6eb800 Uncommon trap: reason=unstable_if action=reinterpret pc=0x00000000029fabf0 method=java.lang.Integer.getChars(II[C)V @ 110

Classes redefined (0 events):
No events

Internal exceptions (10 events):
Event: 0.153 Thread 0x0000000002682800 Exception <a 'java/security/PrivilegedActionException'> (0x00000000d5eb8010) thrown at [C:\re\workspace\8-2-build-windows-amd64-cygwin\jdk8u201\12322\hotspot\src\share\vm\prims\jvm.cpp, line 1502]
Event: 0.153 Thread 0x0000000002682800 Exception <a 'java/security/PrivilegedActionException'> (0x00000000d5eb8220) thrown at [C:\re\workspace\8-2-build-windows-amd64-cygwin\jdk8u201\12322\hotspot\src\share\vm\prims\jvm.cpp, line 1502]
Event: 0.154 Thread 0x0000000002682800 Exception <a 'java/security/PrivilegedActionException'> (0x00000000d5ebbe90) thrown at [C:\re\workspace\8-2-build-windows-amd64-cygwin\jdk8u201\12322\hotspot\src\share\vm\prims\jvm.cpp, line 1502]
Event: 0.154 Thread 0x0000000002682800 Exception <a 'java/security/PrivilegedActionException'> (0x00000000d5ebc0a0) thrown at [C:\re\workspace\8-2-build-windows-amd64-cygwin\jdk8u201\12322\hotspot\src\share\vm\prims\jvm.cpp, line 1502]
Event: 0.403 Thread 0x0000000002682800 Exception <a 'java/security/PrivilegedActionException'> (0x00000000d5ffa380) thrown at [C:\re\workspace\8-2-build-windows-amd64-cygwin\jdk8u201\12322\hotspot\src\share\vm\prims\jvm.cpp, line 1502]
Event: 0.403 Thread 0x0000000002682800 Exception <a 'java/security/PrivilegedActionException'> (0x00000000d5ffc058) thrown at [C:\re\workspace\8-2-build-windows-amd64-cygwin\jdk8u201\12322\hotspot\src\share\vm\prims\jvm.cpp, line 1502]
Event: 0.403 Thread 0x0000000002682800 Exception <a 'java/security/PrivilegedActionException'> (0x00000000d5ffd1c8) thrown at [C:\re\workspace\8-2-build-windows-amd64-cygwin\jdk8u201\12322\hotspot\src\share\vm\prims\jvm.cpp, line 1502]
Event: 0.403 Thread 0x0000000002682800 Exception <a 'java/security/PrivilegedActionException'> (0x00000000d6002330) thrown at [C:\re\workspace\8-2-build-windows-amd64-cygwin\jdk8u201\12322\hotspot\src\share\vm\prims\jvm.cpp, line 1502]
Event: 0.403 Thread 0x0000000002682800 Exception <a 'java/security/PrivilegedActionException'> (0x00000000d6002f88) thrown at [C:\re\workspace\8-2-build-windows-amd64-cygwin\jdk8u201\12322\hotspot\src\share\vm\prims\jvm.cpp, line 1502]
Event: 0.403 Thread 0x0000000002682800 Exception <a 'java/security/PrivilegedActionException'> (0x00000000d6003bb0) thrown at [C:\re\workspace\8-2-build-windows-amd64-cygwin\jdk8u201\12322\hotspot\src\share\vm\prims\jvm.cpp, line 1502]

Events (10 events):
Event: 4.063 loading class com/badlogic/gdx/math/Frustum
Event: 4.063 loading class com/badlogic/gdx/math/Frustum done
Event: 4.064 loading class com/badlogic/gdx/math/Plane
Event: 4.064 loading class com/badlogic/gdx/math/Plane done
Event: 4.064 loading class com/badlogic/gdx/math/collision/Ray
Event: 4.064 loading class com/badlogic/gdx/math/collision/Ray done
Event: 4.065 loading class levels/Level1$1
Event: 4.065 loading class levels/Level1$1 done
Event: 4.072 loading class com/badlogic/gdx/graphics/glutils/ShapeRenderer$ShapeType
Event: 4.072 loading class com/badlogic/gdx/graphics/glutils/ShapeRenderer$ShapeType done


Dynamic libraries:
0x00007ff7b3f00000 - 0x00007ff7b3f37000 	C:\Program Files\Java\jre1.8.0_201\bin\javaw.exe
0x00007fff8fbd0000 - 0x00007fff8fdbd000 	C:\windows\SYSTEM32\ntdll.dll
0x00007fff6e520000 - 0x00007fff6e532000 	C:\Program Files\AVAST Software\Avast\aswhook.dll
0x00007fff8f910000 - 0x00007fff8f9c3000 	C:\windows\System32\KERNEL32.DLL
0x00007fff8ca90000 - 0x00007fff8cd23000 	C:\windows\System32\KERNELBASE.dll
0x00007fff8d470000 - 0x00007fff8d513000 	C:\windows\System32\ADVAPI32.dll
0x00007fff8ecc0000 - 0x00007fff8ed5e000 	C:\windows\System32\msvcrt.dll
0x00007fff8ea10000 - 0x00007fff8eaae000 	C:\windows\System32\sechost.dll
0x00007fff8eab0000 - 0x00007fff8ebd2000 	C:\windows\System32\RPCRT4.dll
0x00007fff8edf0000 - 0x00007fff8ef87000 	C:\windows\System32\USER32.dll
0x00007fff8cde0000 - 0x00007fff8ce00000 	C:\windows\System32\win32u.dll
0x00007fff8faf0000 - 0x00007fff8fb19000 	C:\windows\System32\GDI32.dll
0x00007fff8be80000 - 0x00007fff8c01a000 	C:\windows\System32\gdi32full.dll
0x00007fff8c910000 - 0x00007fff8c9b0000 	C:\windows\System32\msvcp_win.dll
0x00007fff8c020000 - 0x00007fff8c11a000 	C:\windows\System32\ucrtbase.dll
0x00007fff7c300000 - 0x00007fff7c579000 	C:\windows\WinSxS\amd64_microsoft.windows.common-controls_6595b64144ccf1df_6.0.17763.437_none_05b63dca071e5dd6\COMCTL32.dll
0x00007fff8f5e0000 - 0x00007fff8f90c000 	C:\windows\System32\combase.dll
0x00007fff8c890000 - 0x00007fff8c90e000 	C:\windows\System32\bcryptPrimitives.dll
0x00007fff8edc0000 - 0x00007fff8edee000 	C:\windows\System32\IMM32.DLL
0x00000000744a0000 - 0x0000000074571000 	C:\Program Files\Java\jre1.8.0_201\bin\msvcr100.dll
0x0000000073670000 - 0x0000000073f14000 	C:\Program Files\Java\jre1.8.0_201\bin\server\jvm.dll
0x00007fff8f420000 - 0x00007fff8f428000 	C:\windows\System32\PSAPI.DLL
0x00007fff80960000 - 0x00007fff80969000 	C:\windows\SYSTEM32\WSOCK32.dll
0x00007fff8ef90000 - 0x00007fff8effd000 	C:\windows\System32\WS2_32.dll
0x00007fff82850000 - 0x00007fff82874000 	C:\windows\SYSTEM32\WINMM.dll
0x00007fff86b00000 - 0x00007fff86b0a000 	C:\windows\SYSTEM32\VERSION.dll
0x00007fff822f0000 - 0x00007fff8231d000 	C:\windows\SYSTEM32\WINMMBASE.dll
0x00007fff8c9b0000 - 0x00007fff8c9fa000 	C:\windows\System32\cfgmgr32.dll
0x00007fff87850000 - 0x00007fff8785f000 	C:\Program Files\Java\jre1.8.0_201\bin\verify.dll
0x00007fff85ac0000 - 0x00007fff85ae9000 	C:\Program Files\Java\jre1.8.0_201\bin\java.dll
0x00007fff86570000 - 0x00007fff86586000 	C:\Program Files\Java\jre1.8.0_201\bin\zip.dll
0x00007fff8d520000 - 0x00007fff8ea10000 	C:\windows\System32\SHELL32.dll
0x00007fff8f9e0000 - 0x00007fff8fa88000 	C:\windows\System32\shcore.dll
0x00007fff8c120000 - 0x00007fff8c86a000 	C:\windows\System32\windows.storage.dll
0x00007fff8bc70000 - 0x00007fff8bc94000 	C:\windows\System32\profapi.dll
0x00007fff8bbf0000 - 0x00007fff8bc4d000 	C:\windows\System32\powrprof.dll
0x00007fff8ec40000 - 0x00007fff8ec92000 	C:\windows\System32\shlwapi.dll
0x00007fff8bbd0000 - 0x00007fff8bbe1000 	C:\windows\System32\kernel.appcore.dll
0x00007fff8c870000 - 0x00007fff8c887000 	C:\windows\System32\cryptsp.dll
0x0000000065ac0000 - 0x0000000065b26000 	C:\Users\SempreIT\AppData\Local\Temp\libgdxSempreIT\689f6d6a\gdx64.dll
0x00007fff8afb0000 - 0x00007fff8afe3000 	C:\windows\system32\rsaenh.dll
0x00007fff8ca60000 - 0x00007fff8ca86000 	C:\windows\System32\bcrypt.dll
0x00007fff8bad0000 - 0x00007fff8baf8000 	C:\windows\SYSTEM32\USERENV.dll
0x00007fff8b5c0000 - 0x00007fff8b5cc000 	C:\windows\SYSTEM32\CRYPTBASE.dll
0x00007fff86090000 - 0x00007fff860aa000 	C:\Program Files\Java\jre1.8.0_201\bin\net.dll
0x00007fff84470000 - 0x00007fff84646000 	C:\windows\SYSTEM32\urlmon.dll
0x00007fff7f480000 - 0x00007fff7f728000 	C:\windows\SYSTEM32\iertutil.dll
0x00007fff8b3f0000 - 0x00007fff8b457000 	C:\windows\system32\mswsock.dll
0x00007fff8b150000 - 0x00007fff8b18d000 	C:\windows\SYSTEM32\IPHLPAPI.DLL
0x00007fff8f9d0000 - 0x00007fff8f9d8000 	C:\windows\System32\NSI.dll
0x00007fff83890000 - 0x00007fff838a6000 	C:\windows\SYSTEM32\dhcpcsvc6.DLL
0x00007fff834f0000 - 0x00007fff8350c000 	C:\windows\SYSTEM32\dhcpcsvc.DLL
0x00007fff8b190000 - 0x00007fff8b256000 	C:\windows\SYSTEM32\DNSAPI.dll
0x00007fff85aa0000 - 0x00007fff85ab1000 	C:\Program Files\Java\jre1.8.0_201\bin\nio.dll
0x0000000180000000 - 0x0000000180053000 	C:\Users\SempreIT\AppData\Local\Temp\libgdxSempreIT\dc0f0009\lwjgl64.dll
0x00007fff6caf0000 - 0x00007fff6cc17000 	C:\windows\SYSTEM32\OPENGL32.dll
0x00007fff828a0000 - 0x00007fff828cc000 	C:\windows\SYSTEM32\GLU32.dll
0x00000000024a0000 - 0x0000000002504000 	C:\Users\SempreIT\AppData\Local\Temp\libgdxSempreIT\dc0f0009\OpenAL64.dll
0x00007fff8f200000 - 0x00007fff8f355000 	C:\windows\System32\ole32.dll
0x00007fff89970000 - 0x00007fff89a0c000 	C:\windows\system32\uxtheme.dll
0x00007fff8f360000 - 0x00007fff8f402000 	C:\windows\System32\clbcatq.dll
0x00007fff89b40000 - 0x00007fff89ce8000 	C:\windows\System32\PROPSYS.dll
0x00007fff8f130000 - 0x00007fff8f1f4000 	C:\windows\System32\OLEAUT32.dll
0x00007fff7d3c0000 - 0x00007fff7d456000 	C:\windows\SYSTEM32\dsound.dll
0x00007fff84070000 - 0x00007fff840e0000 	C:\windows\System32\MMDevApi.dll
0x00007fff8b980000 - 0x00007fff8b9a9000 	C:\windows\System32\DEVOBJ.dll
0x00007fff84320000 - 0x00007fff84468000 	C:\windows\SYSTEM32\AUDIOSES.DLL
0x00007fff87c00000 - 0x00007fff87d53000 	C:\windows\SYSTEM32\wintypes.dll
0x00007fff86ac0000 - 0x00007fff86aca000 	C:\windows\SYSTEM32\AVRT.dll
0x00007fff8ce80000 - 0x00007fff8cfea000 	C:\windows\System32\MSCTF.dll
0x00007fff89d70000 - 0x00007fff89d9e000 	C:\windows\system32\dwmapi.dll
0x00007fff8bca0000 - 0x00007fff8be7b000 	C:\windows\System32\CRYPT32.dll
0x00007fff8bc50000 - 0x00007fff8bc62000 	C:\windows\System32\MSASN1.dll
0x00007fff73540000 - 0x00007fff735d5000 	C:\windows\System32\TextInputFramework.dll
0x00007fff735e0000 - 0x00007fff73902000 	C:\windows\System32\CoreUIComponents.dll
0x00007fff89340000 - 0x00007fff89422000 	C:\windows\System32\CoreMessaging.dll
0x00007fff8ac90000 - 0x00007fff8acc1000 	C:\windows\SYSTEM32\ntmarta.dll
0x00007fff3a5e0000 - 0x00007fff3b4bb000 	C:\windows\System32\DriverStore\FileRepository\igdlh64.inf_amd64_fd63a73c8c937d34\ig9icd64.dll
0x00007fff8a820000 - 0x00007fff8a8e2000 	C:\windows\SYSTEM32\dxgi.dll
0x00007fff85060000 - 0x00007fff8510d000 	C:\windows\SYSTEM32\mscms.dll
0x00007fff868c0000 - 0x00007fff868d0000 	C:\windows\SYSTEM32\ColorAdapterClient.dll
0x00007fff53410000 - 0x00007fff53453000 	C:\windows\SYSTEM32\icm32.dll
0x00007fff6ef40000 - 0x00007fff70dfe000 	C:\windows\System32\DriverStore\FileRepository\igdlh64.inf_amd64_fd63a73c8c937d34\igc64.dll
0x00007fff8a5d0000 - 0x00007fff8a7bd000 	C:\windows\SYSTEM32\dbghelp.dll

VM Arguments:
jvm_args: -Dfile.encoding=Cp1252 
java_command: com.mygdx.game.desktop.DesktopLauncher
java_class_path (initial): C:\Users\SempreIT\smaug\smaug\GdxTutorial\desktop\bin\main;C:\Users\SempreIT\smaug\smaug\GdxTutorial\core\bin\default;C:\Users\SempreIT\smaug\smaug\GdxTutorial\core\bin\main;C:\Users\SempreIT\.gradle\caches\modules-2\files-2.1\com.badlogicgames.gdx\gdx-backend-lwjgl\1.9.9\ca8911cb94c0bfeb59f99e46ca9b92440958fb0e\gdx-backend-lwjgl-1.9.9.jar;C:\Users\SempreIT\.gradle\caches\modules-2\files-2.1\com.badlogicgames.gdx\gdx-platform\1.9.9\7e644cfafdb436b13b24ac7993ffab17f306b64d\gdx-platform-1.9.9-natives-desktop.jar;C:\Users\SempreIT\.gradle\caches\modules-2\files-2.1\com.badlogicgames.gdx\gdx\1.9.9\bf26f2f816b3cfe37ac6e66615391c30714b7030\gdx-1.9.9.jar;C:\Users\SempreIT\.gradle\caches\modules-2\files-2.1\org.lwjgl.lwjgl\lwjgl_util\2.9.2\4b9e37300a87799856e0bd15ed81663cdb6b0947\lwjgl_util-2.9.2.jar;C:\Users\SempreIT\.gradle\caches\modules-2\files-2.1\org.lwjgl.lwjgl\lwjgl\2.9.2\a9d80fe5935c7a9149f6584d9777cfd471f65489\lwjgl-2.9.2.jar;C:\Users\SempreIT\.gradle\caches\modules-2\files-2.1\com.badlogicgames.jlayer\jlayer\1.0.1-gdx\7cca83cec5c1b2f011362f4d85aabd71a73b049d\jlayer-1.0.1-gdx.jar;C:\Users\SempreIT\.gradle\caches\modules-2\files-2.1\org.jcraft\jorbis\0.0.17\8872d22b293e8f5d7d56ff92be966e6dc28ebdc6\jorbis-0.0.17.jar;C:\Users\SempreIT\.gradle\caches\modules-2\files-2.1\org.lwjgl.lwjgl\lwjgl-platform\2.9.2\510c7d317f5e9e700b9cfaac5fd38bdebf0702e0\lwjgl-platform-2.9.2-natives-windows.jar;C:\Users\SempreIT\.gradle\caches\modules-2\files-2.1\org.lwjgl.lwjgl\lwjgl-platform\2.9.2\d276cdf61fe2b516c7b7f4aa1b8dea91dbdc8d56\lwjgl-platform-2.9.2-natives-linux.jar;C:\Users\SempreIT\.gradle\caches\modules-2\files-2.1\org.lwjgl.lwjgl\lwjgl-platform\2.9.2\d55b46b40b40249d627a83a7f7f22649709d70c3\lwjgl-platform-2.9.2-natives-osx.jar;C:\Users\SempreIT\.gradle\caches\modules-2\files-2.1\net.java.jinput\jinput\2.0.5\39c7796b469a600f72380316f6b1f11db6c2c7c4\jinput-2.0.5.jar;C:\Users\SempreIT\.gradle\caches\modules-2\files-2.1\net.java.jutils\jutils\1.0.0\e12
Launcher Type: SUN_STANDARD

Environment Variables:
PATH=C:/Program Files/Java/jre1.8.0_201/bin/server;C:/Program Files/Java/jre1.8.0_201/bin;C:/Program Files/Java/jre1.8.0_201/lib/amd64;C:\Program Files (x86)\Common Files\Oracle\Java\javapath;C:\Program Files (x86)\Intel\Intel(R) Management Engine Components\iCLS\;C:\Program Files\Intel\Intel(R) Management Engine Components\iCLS\;C:\windows\system32;C:\windows;C:\windows\System32\Wbem;C:\windows\System32\WindowsPowerShell\v1.0\;C:\windows\System32\OpenSSH\;C:\Program Files (x86)\Intel\Intel(R) Management Engine Components\DAL;C:\Program Files\Intel\Intel(R) Management Engine Components\DAL;C:\Program Files\Microsoft VS Code\bin;C:\Program Files\PuTTY\;C:\Program Files\Git\cmd;C:\Users\SempreIT\AppData\Roaming\nvm;C:\Program Files\nodejs;C:\Users\SempreIT\AppData\Local\Programs\Python\Python37-32\;C:\Users\SempreIT\AppData\Local\Microsoft\WindowsApps;C:\Users\SempreIT\AppData\Roaming\npm;C:\Program Files\MongoDB\Server\4.0\bin;C:\Users\SempreIT\AppData\Local\atom\bin;C:\Users\SempreIT\AppData\Local\GitHubDesktop\app-1.6.5\resources\app\git\cmd;C:\Users\SempreIT\AppData\Roaming\nvm;C:\Program Files\nodejs;C:\Users\SempreIT\AppData\Local\Programs\Python\Python37-32\Scripts;c:\users\sempreit\appdata\local\programs\python\python37-32\lib\site-packages;;C:\Users\SempreIT\Desktop;
USERNAME=SempreIT
OS=Windows_NT
PROCESSOR_IDENTIFIER=Intel64 Family 6 Model 142 Stepping 10, GenuineIntel



---------------  S Y S T E M  ---------------

OS: Windows 10.0 , 64 bit Build 17763 (10.0.17763.437)

CPU:total 8 (initial active 8) (4 cores per cpu, 2 threads per core) family 6 model 142 stepping 10, cmov, cx8, fxsr, mmx, sse, sse2, sse3, ssse3, sse4.1, sse4.2, popcnt, avx, avx2, aes, clmul, erms, 3dnowpref, lzcnt, ht, tsc, tscinvbit, bmi1, bmi2, adx

Memory: 4k page, physical 8301176k(2841504k free), swap 9611896k(3174468k free)

vm_info: Java HotSpot(TM) 64-Bit Server VM (25.201-b09) for windows-amd64 JRE (1.8.0_201-b09), built on Dec 15 2018 18:36:39 by "java_re" with MS VC++ 10.0 (VS2010)

time: Fri May 03 20:22:33 2019
timezone: Hora oficial do Brasil
elapsed time: 4 seconds (0d 0h 0m 4s)

